<?xml version="1.0" encoding="UTF-8"?>
<!-- Generated by org.testng.reporters.JUnitXMLReporter -->
<testsuite ignored="1" hostname="DESKTOP-NP5PALL" failures="0" tests="1" name="loginTest" time="5.96" errors="0" timestamp="2022-01-12T16:06:17 CET">
  <testcase classname="pers.membrive.veracity.LoginTest" name="loginTest" time="2.482"/>
  <testcase classname="pers.membrive.veracity.LoginTest" name="loginFailTest" time="0.0">
    <ignored/>
  </testcase> <!-- loginFailTest -->
</testsuite> <!-- loginTest -->
