<?xml version="1.0" encoding="UTF-8"?>
<!-- Generated by org.testng.reporters.JUnitXMLReporter -->
<testsuite ignored="4" hostname="DESKTOP-NP5PALL" failures="0" tests="1" name="VerifySearcher" time="9.699" errors="0" timestamp="2022-01-12T16:07:55 CET">
  <testcase classname="pers.membrive.veracity.VerifyMarketplaceSelectorsTest" name="verifySearcherTest" time="7.83"/>
  <testcase classname="pers.membrive.veracity.VerifyMarketplaceSelectorsTest" name="verifyProviderSelectTest" time="0.0">
    <ignored/>
  </testcase> <!-- verifyProviderSelectTest -->
  <testcase classname="pers.membrive.veracity.VerifyMarketplaceSelectorsTest" name="verifyCategoryCheckTest" time="0.0">
    <ignored/>
  </testcase> <!-- verifyCategoryCheckTest -->
  <testcase classname="pers.membrive.veracity.VerifyMarketplaceSelectorsTest" name="verifyProductTypeCheckTest" time="0.0">
    <ignored/>
  </testcase> <!-- verifyProductTypeCheckTest -->
  <testcase classname="pers.membrive.veracity.VerifyMarketplaceSelectorsTest" name="verifyIndustryCheckTest" time="0.0">
    <ignored/>
  </testcase> <!-- verifyIndustryCheckTest -->
</testsuite> <!-- VerifySearcher -->
