<?xml version="1.0" encoding="UTF-8"?>
<!-- Generated by org.testng.reporters.JUnitXMLReporter -->
<testsuite ignored="4" hostname="DESKTOP-NP5PALL" failures="0" tests="1" name="VerifyCategory" time="8.842" errors="0" timestamp="2022-01-12T16:07:19 CET">
  <testcase classname="pers.membrive.veracity.VerifyMarketplaceSelectorsTest" name="verifyCategoryCheckTest" time="6.932"/>
  <testcase classname="pers.membrive.veracity.VerifyMarketplaceSelectorsTest" name="verifyProviderSelectTest" time="0.0">
    <ignored/>
  </testcase> <!-- verifyProviderSelectTest -->
  <testcase classname="pers.membrive.veracity.VerifyMarketplaceSelectorsTest" name="verifySearcherTest" time="0.0">
    <ignored/>
  </testcase> <!-- verifySearcherTest -->
  <testcase classname="pers.membrive.veracity.VerifyMarketplaceSelectorsTest" name="verifyProductTypeCheckTest" time="0.0">
    <ignored/>
  </testcase> <!-- verifyProductTypeCheckTest -->
  <testcase classname="pers.membrive.veracity.VerifyMarketplaceSelectorsTest" name="verifyIndustryCheckTest" time="0.0">
    <ignored/>
  </testcase> <!-- verifyIndustryCheckTest -->
</testsuite> <!-- VerifyCategory -->
