<?xml version="1.0" encoding="UTF-8"?>
<testsuite xmlns:xsi="http://www.w3.org/2001/XMLSchema-instance" xsi:noNamespaceSchemaLocation="https://maven.apache.org/surefire/maven-surefire-plugin/xsd/surefire-test-report-3.0.xsd" version="3.0" name="TestSuite" time="80.559" tests="7" errors="0" skipped="0" failures="0">
  <properties>
[...]
</properties>
  <testcase name="login" classname="pers.membrive.veracity.LoginTest" time="2.146">
    <system-out><![CDATA[13:12:28.881 [main] INFO  pers.membrive.veracity.LoginTest - Driver is initialized
13:12:29.993 [main] INFO  pers.membrive.veracity.LoginTest - Navigated to Home page
13:12:30.728 [main] INFO  pers.membrive.veracity.ObtainProductTest - Driver is initialized
13:12:31.673 [main] INFO  pers.membrive.veracity.ObtainProductTest - Navigated to Home page
13:12:32.388 [main] INFO  pers.membrive.veracity.VerifyCategoryCheck - Driver is initialized
13:12:33.330 [main] INFO  pers.membrive.veracity.VerifyCategoryCheck - Navigated to Home page
13:12:34.178 [main] INFO  pers.membrive.veracity.VerifyIndustryCheck - Driver is initialized
13:12:35.155 [main] INFO  pers.membrive.veracity.VerifyIndustryCheck - Navigated to Home page
13:12:35.982 [main] INFO  pers.membrive.veracity.VerifyProductTypeCheck - Driver is initialized
13:12:36.982 [main] INFO  pers.membrive.veracity.VerifyProductTypeCheck - Navigated to Home page
13:12:37.813 [main] INFO  pers.membrive.veracity.VerifyProviderSelect - Driver is initialized
13:12:38.762 [main] INFO  pers.membrive.veracity.VerifyProviderSelect - Navigated to Home page
13:12:39.508 [main] INFO  pers.membrive.veracity.VerifySearcher - Driver is initialized
13:12:40.661 [main] INFO  pers.membrive.veracity.VerifySearcher - Navigated to Home page
13:12:40.766 [main] DEBUG pers.membrive.veracity.LoginTest - Cookie alert accepted
13:12:41.862 [main] DEBUG pers.membrive.veracity.LoginTest - On login window
13:12:42.880 [main] INFO  pers.membrive.veracity.LoginTest - login succesful
]]></system-out>
    <system-err><![CDATA[[main] INFO org.testng.internal.Utils - [TestRunner] Running the tests in 'suite' with parallel mode:none
[main] INFO org.testng.internal.Utils - [RunInfo] Adding method selector: org.testng.internal.XmlMethodSelector@3c87521 priority: 10
[main] INFO org.testng.internal.Utils - [TestClass] Creating TestClass for [ClassImpl class=pers.membrive.veracity.LoginTest]
[main] INFO org.testng.internal.Utils - [TestClass] Adding method LoginTest.login()[pri:0, instance:null] on TestClass class pers.membrive.veracity.LoginTest
[main] INFO org.testng.internal.Utils - [Utils] MethodGroupsHelper.collectMethodsByGroup() took 0 ms.
[main] INFO org.testng.internal.Utils - [Utils] MethodGroupsHelper.sortMethods() took 1 ms.
[main] INFO org.testng.internal.Utils - [Utils] MethodGroupsHelper.collectMethodsByGroup() took 0 ms.
[main] INFO org.testng.internal.Utils - [Utils] MethodGroupsHelper.sortMethods() took 0 ms.
[main] INFO org.testng.internal.Utils - [XmlMethodSelector] Including method pers.membrive.veracity.initialize()
[main] INFO org.testng.internal.Utils - [Utils] MethodGroupsHelper.collectMethodsByGroup() took 2 ms.
[main] INFO org.testng.internal.Utils - [Utils] MethodGroupsHelper.sortMethods() took 7 ms.
[main] INFO org.testng.internal.Utils - [XmlMethodSelector] Including method pers.membrive.veracity.teardown()
[main] INFO org.testng.internal.Utils - [Utils] MethodGroupsHelper.collectMethodsByGroup() took 0 ms.
[main] INFO org.testng.internal.Utils - [Utils] MethodGroupsHelper.sortMethods() took 0 ms.
[main] INFO org.testng.internal.Utils - [Utils] MethodGroupsHelper.collectMethodsByGroup() took 0 ms.
[main] INFO org.testng.internal.Utils - [Utils] MethodGroupsHelper.sortMethods() took 0 ms.
[main] INFO org.testng.internal.Utils - [Utils] MethodGroupsHelper.collectMethodsByGroup() took 0 ms.
[main] INFO org.testng.internal.Utils - [Utils] MethodGroupsHelper.sortMethods() took 0 ms.
[main] INFO org.testng.internal.Utils - [Utils] MethodGroupsHelper.collectMethodsByGroup() took 0 ms.
[main] INFO org.testng.internal.Utils - [Utils] MethodGroupsHelper.sortMethods() took 0 ms.
[main] INFO org.testng.internal.Utils - [Utils] MethodGroupsHelper.collectMethodsByGroup() took 0 ms.
[main] INFO org.testng.internal.Utils - [Utils] MethodGroupsHelper.sortMethods() took 0 ms.
[main] INFO org.testng.internal.Utils - [Utils] MethodGroupsHelper.collectMethodsByGroup() took 0 ms.
[main] INFO org.testng.internal.Utils - [Utils] MethodGroupsHelper.sortMethods() took 0 ms.
[main] INFO org.testng.internal.Utils - [Utils] MethodGroupsHelper.collectMethodsByGroup() took 0 ms.
[main] INFO org.testng.internal.Utils - [Utils] MethodGroupsHelper.sortMethods() took 0 ms.
[main] INFO org.testng.internal.Utils - [TestClass] Creating TestClass for [ClassImpl class=pers.membrive.veracity.ObtainProductTest]
[main] INFO org.testng.internal.Utils - [TestClass] Adding method ObtainProductTest.obtainProduct()[pri:1, instance:null] on TestClass class pers.membrive.veracity.ObtainProductTest
[main] INFO org.testng.internal.Utils - [Utils] MethodGroupsHelper.collectMethodsByGroup() took 0 ms.
[main] INFO org.testng.internal.Utils - [Utils] MethodGroupsHelper.sortMethods() took 0 ms.
[main] INFO org.testng.internal.Utils - [Utils] MethodGroupsHelper.collectMethodsByGroup() took 0 ms.
[main] INFO org.testng.internal.Utils - [Utils] MethodGroupsHelper.sortMethods() took 0 ms.
[main] INFO org.testng.internal.Utils - [Utils] MethodGroupsHelper.collectMethodsByGroup() took 0 ms.
[main] INFO org.testng.internal.Utils - [Utils] MethodGroupsHelper.sortMethods() took 0 ms.
[main] INFO org.testng.internal.Utils - [Utils] MethodGroupsHelper.collectMethodsByGroup() took 0 ms.
[main] INFO org.testng.internal.Utils - [Utils] MethodGroupsHelper.sortMethods() took 0 ms.
[main] INFO org.testng.internal.Utils - [Utils] MethodGroupsHelper.collectMethodsByGroup() took 0 ms.
[main] INFO org.testng.internal.Utils - [Utils] MethodGroupsHelper.sortMethods() took 0 ms.
[main] INFO org.testng.internal.Utils - [Utils] MethodGroupsHelper.collectMethodsByGroup() took 0 ms.
[main] INFO org.testng.internal.Utils - [Utils] MethodGroupsHelper.sortMethods() took 0 ms.
[main] INFO org.testng.internal.Utils - [Utils] MethodGroupsHelper.collectMethodsByGroup() took 0 ms.
[main] INFO org.testng.internal.Utils - [Utils] MethodGroupsHelper.sortMethods() took 0 ms.
[main] INFO org.testng.internal.Utils - [Utils] MethodGroupsHelper.collectMethodsByGroup() took 0 ms.
[main] INFO org.testng.internal.Utils - [Utils] MethodGroupsHelper.sortMethods() took 0 ms.
[main] INFO org.testng.internal.Utils - [Utils] MethodGroupsHelper.collectMethodsByGroup() took 0 ms.
[main] INFO org.testng.internal.Utils - [Utils] MethodGroupsHelper.sortMethods() took 0 ms.
[main] INFO org.testng.internal.Utils - [Utils] MethodGroupsHelper.collectMethodsByGroup() took 0 ms.
[main] INFO org.testng.internal.Utils - [Utils] MethodGroupsHelper.sortMethods() took 0 ms.
[main] INFO org.testng.internal.Utils - [TestClass] Creating TestClass for [ClassImpl class=pers.membrive.veracity.VerifyCategoryCheck]
[main] INFO org.testng.internal.Utils - [TestClass] Adding method VerifyCategoryCheck.verifyCategoryCheck()[pri:3, instance:null] on TestClass class pers.membrive.veracity.VerifyCategoryCheck
[main] INFO org.testng.internal.Utils - [Utils] MethodGroupsHelper.collectMethodsByGroup() took 0 ms.
[main] INFO org.testng.internal.Utils - [Utils] MethodGroupsHelper.sortMethods() took 0 ms.
[main] INFO org.testng.internal.Utils - [Utils] MethodGroupsHelper.collectMethodsByGroup() took 0 ms.
[main] INFO org.testng.internal.Utils - [Utils] MethodGroupsHelper.sortMethods() took 0 ms.
[main] INFO org.testng.internal.Utils - [Utils] MethodGroupsHelper.collectMethodsByGroup() took 0 ms.
[main] INFO org.testng.internal.Utils - [Utils] MethodGroupsHelper.sortMethods() took 0 ms.
[main] INFO org.testng.internal.Utils - [Utils] MethodGroupsHelper.collectMethodsByGroup() took 0 ms.
[main] INFO org.testng.internal.Utils - [Utils] MethodGroupsHelper.sortMethods() took 0 ms.
[main] INFO org.testng.internal.Utils - [Utils] MethodGroupsHelper.collectMethodsByGroup() took 0 ms.
[main] INFO org.testng.internal.Utils - [Utils] MethodGroupsHelper.sortMethods() took 0 ms.
[main] INFO org.testng.internal.Utils - [Utils] MethodGroupsHelper.collectMethodsByGroup() took 0 ms.
[main] INFO org.testng.internal.Utils - [Utils] MethodGroupsHelper.sortMethods() took 0 ms.
[main] INFO org.testng.internal.Utils - [Utils] MethodGroupsHelper.collectMethodsByGroup() took 0 ms.
[main] INFO org.testng.internal.Utils - [Utils] MethodGroupsHelper.sortMethods() took 0 ms.
[main] INFO org.testng.internal.Utils - [Utils] MethodGroupsHelper.collectMethodsByGroup() took 0 ms.
[main] INFO org.testng.internal.Utils - [Utils] MethodGroupsHelper.sortMethods() took 0 ms.
[main] INFO org.testng.internal.Utils - [Utils] MethodGroupsHelper.collectMethodsByGroup() took 0 ms.
[main] INFO org.testng.internal.Utils - [Utils] MethodGroupsHelper.sortMethods() took 0 ms.
[main] INFO org.testng.internal.Utils - [Utils] MethodGroupsHelper.collectMethodsByGroup() took 0 ms.
[main] INFO org.testng.internal.Utils - [Utils] MethodGroupsHelper.sortMethods() took 0 ms.
[main] INFO org.testng.internal.Utils - [TestClass] Creating TestClass for [ClassImpl class=pers.membrive.veracity.VerifyIndustryCheck]
[main] INFO org.testng.internal.Utils - [TestClass] Adding method VerifyIndustryCheck.verifyIndustryCheck()[pri:0, instance:null] on TestClass class pers.membrive.veracity.VerifyIndustryCheck
[main] INFO org.testng.internal.Utils - [Utils] MethodGroupsHelper.collectMethodsByGroup() took 0 ms.
[main] INFO org.testng.internal.Utils - [Utils] MethodGroupsHelper.sortMethods() took 0 ms.
[main] INFO org.testng.internal.Utils - [Utils] MethodGroupsHelper.collectMethodsByGroup() took 0 ms.
[main] INFO org.testng.internal.Utils - [Utils] MethodGroupsHelper.sortMethods() took 0 ms.
[main] INFO org.testng.internal.Utils - [Utils] MethodGroupsHelper.collectMethodsByGroup() took 0 ms.
[main] INFO org.testng.internal.Utils - [Utils] MethodGroupsHelper.sortMethods() took 0 ms.
[main] INFO org.testng.internal.Utils - [Utils] MethodGroupsHelper.collectMethodsByGroup() took 0 ms.
[main] INFO org.testng.internal.Utils - [Utils] MethodGroupsHelper.sortMethods() took 0 ms.
[main] INFO org.testng.internal.Utils - [Utils] MethodGroupsHelper.collectMethodsByGroup() took 0 ms.
[main] INFO org.testng.internal.Utils - [Utils] MethodGroupsHelper.sortMethods() took 0 ms.
[main] INFO org.testng.internal.Utils - [Utils] MethodGroupsHelper.collectMethodsByGroup() took 0 ms.
[main] INFO org.testng.internal.Utils - [Utils] MethodGroupsHelper.sortMethods() took 0 ms.
[main] INFO org.testng.internal.Utils - [Utils] MethodGroupsHelper.collectMethodsByGroup() took 0 ms.
[main] INFO org.testng.internal.Utils - [Utils] MethodGroupsHelper.sortMethods() took 0 ms.
[main] INFO org.testng.internal.Utils - [Utils] MethodGroupsHelper.collectMethodsByGroup() took 0 ms.
[main] INFO org.testng.internal.Utils - [Utils] MethodGroupsHelper.sortMethods() took 0 ms.
[main] INFO org.testng.internal.Utils - [Utils] MethodGroupsHelper.collectMethodsByGroup() took 0 ms.
[main] INFO org.testng.internal.Utils - [Utils] MethodGroupsHelper.sortMethods() took 0 ms.
[main] INFO org.testng.internal.Utils - [Utils] MethodGroupsHelper.collectMethodsByGroup() took 0 ms.
[main] INFO org.testng.internal.Utils - [Utils] MethodGroupsHelper.sortMethods() took 0 ms.
[main] INFO org.testng.internal.Utils - [TestClass] Creating TestClass for [ClassImpl class=pers.membrive.veracity.VerifyProductTypeCheck]
[main] INFO org.testng.internal.Utils - [TestClass] Adding method VerifyProductTypeCheck.verifyProductTypeCheck()[pri:0, instance:null] on TestClass class pers.membrive.veracity.VerifyProductTypeCheck
[main] INFO org.testng.internal.Utils - [Utils] MethodGroupsHelper.collectMethodsByGroup() took 0 ms.
[main] INFO org.testng.internal.Utils - [Utils] MethodGroupsHelper.sortMethods() took 0 ms.
[main] INFO org.testng.internal.Utils - [Utils] MethodGroupsHelper.collectMethodsByGroup() took 0 ms.
[main] INFO org.testng.internal.Utils - [Utils] MethodGroupsHelper.sortMethods() took 0 ms.
[main] INFO org.testng.internal.Utils - [Utils] MethodGroupsHelper.collectMethodsByGroup() took 0 ms.
[main] INFO org.testng.internal.Utils - [Utils] MethodGroupsHelper.sortMethods() took 0 ms.
[main] INFO org.testng.internal.Utils - [Utils] MethodGroupsHelper.collectMethodsByGroup() took 0 ms.
[main] INFO org.testng.internal.Utils - [Utils] MethodGroupsHelper.sortMethods() took 0 ms.
[main] INFO org.testng.internal.Utils - [Utils] MethodGroupsHelper.collectMethodsByGroup() took 0 ms.
[main] INFO org.testng.internal.Utils - [Utils] MethodGroupsHelper.sortMethods() took 0 ms.
[main] INFO org.testng.internal.Utils - [Utils] MethodGroupsHelper.collectMethodsByGroup() took 0 ms.
[main] INFO org.testng.internal.Utils - [Utils] MethodGroupsHelper.sortMethods() took 0 ms.
[main] INFO org.testng.internal.Utils - [Utils] MethodGroupsHelper.collectMethodsByGroup() took 0 ms.
[main] INFO org.testng.internal.Utils - [Utils] MethodGroupsHelper.sortMethods() took 0 ms.
[main] INFO org.testng.internal.Utils - [Utils] MethodGroupsHelper.collectMethodsByGroup() took 0 ms.
[main] INFO org.testng.internal.Utils - [Utils] MethodGroupsHelper.sortMethods() took 0 ms.
[main] INFO org.testng.internal.Utils - [Utils] MethodGroupsHelper.collectMethodsByGroup() took 0 ms.
[main] INFO org.testng.internal.Utils - [Utils] MethodGroupsHelper.sortMethods() took 0 ms.
[main] INFO org.testng.internal.Utils - [Utils] MethodGroupsHelper.collectMethodsByGroup() took 0 ms.
[main] INFO org.testng.internal.Utils - [Utils] MethodGroupsHelper.sortMethods() took 0 ms.
[main] INFO org.testng.internal.Utils - [TestClass] Creating TestClass for [ClassImpl class=pers.membrive.veracity.VerifyProviderSelect]
[main] INFO org.testng.internal.Utils - [TestClass] Adding method VerifyProviderSelect.verifyProviderSelect()[pri:0, instance:null] on TestClass class pers.membrive.veracity.VerifyProviderSelect
[main] INFO org.testng.internal.Utils - [Utils] MethodGroupsHelper.collectMethodsByGroup() took 0 ms.
[main] INFO org.testng.internal.Utils - [Utils] MethodGroupsHelper.sortMethods() took 0 ms.
[main] INFO org.testng.internal.Utils - [Utils] MethodGroupsHelper.collectMethodsByGroup() took 0 ms.
[main] INFO org.testng.internal.Utils - [Utils] MethodGroupsHelper.sortMethods() took 0 ms.
[main] INFO org.testng.internal.Utils - [Utils] MethodGroupsHelper.collectMethodsByGroup() took 0 ms.
[main] INFO org.testng.internal.Utils - [Utils] MethodGroupsHelper.sortMethods() took 0 ms.
[main] INFO org.testng.internal.Utils - [Utils] MethodGroupsHelper.collectMethodsByGroup() took 0 ms.
[main] INFO org.testng.internal.Utils - [Utils] MethodGroupsHelper.sortMethods() took 0 ms.
[main] INFO org.testng.internal.Utils - [Utils] MethodGroupsHelper.collectMethodsByGroup() took 0 ms.
[main] INFO org.testng.internal.Utils - [Utils] MethodGroupsHelper.sortMethods() took 0 ms.
[main] INFO org.testng.internal.Utils - [Utils] MethodGroupsHelper.collectMethodsByGroup() took 0 ms.
[main] INFO org.testng.internal.Utils - [Utils] MethodGroupsHelper.sortMethods() took 0 ms.
[main] INFO org.testng.internal.Utils - [Utils] MethodGroupsHelper.collectMethodsByGroup() took 0 ms.
[main] INFO org.testng.internal.Utils - [Utils] MethodGroupsHelper.sortMethods() took 0 ms.
[main] INFO org.testng.internal.Utils - [Utils] MethodGroupsHelper.collectMethodsByGroup() took 0 ms.
[main] INFO org.testng.internal.Utils - [Utils] MethodGroupsHelper.sortMethods() took 0 ms.
[main] INFO org.testng.internal.Utils - [Utils] MethodGroupsHelper.collectMethodsByGroup() took 0 ms.
[main] INFO org.testng.internal.Utils - [Utils] MethodGroupsHelper.sortMethods() took 0 ms.
[main] INFO org.testng.internal.Utils - [Utils] MethodGroupsHelper.collectMethodsByGroup() took 0 ms.
[main] INFO org.testng.internal.Utils - [Utils] MethodGroupsHelper.sortMethods() took 0 ms.
[main] INFO org.testng.internal.Utils - [TestClass] Creating TestClass for [ClassImpl class=pers.membrive.veracity.VerifySearcher]
[main] INFO org.testng.internal.Utils - [TestClass] Adding method VerifySearcher.verifySearcher()[pri:0, instance:null] on TestClass class pers.membrive.veracity.VerifySearcher
[main] INFO org.testng.internal.Utils - [Utils] MethodGroupsHelper.collectMethodsByGroup() took 0 ms.
[main] INFO org.testng.internal.Utils - [Utils] MethodGroupsHelper.sortMethods() took 0 ms.
[main] INFO org.testng.internal.Utils - [Utils] MethodGroupsHelper.collectMethodsByGroup() took 0 ms.
[main] INFO org.testng.internal.Utils - [Utils] MethodGroupsHelper.sortMethods() took 0 ms.
[main] INFO org.testng.internal.Utils - [Utils] MethodGroupsHelper.collectMethodsByGroup() took 0 ms.
[main] INFO org.testng.internal.Utils - [Utils] MethodGroupsHelper.sortMethods() took 0 ms.
[main] INFO org.testng.internal.Utils - [Utils] MethodGroupsHelper.collectMethodsByGroup() took 0 ms.
[main] INFO org.testng.internal.Utils - [Utils] MethodGroupsHelper.sortMethods() took 0 ms.
[main] INFO org.testng.internal.Utils - [Utils] MethodGroupsHelper.collectMethodsByGroup() took 0 ms.
[main] INFO org.testng.internal.Utils - [Utils] MethodGroupsHelper.sortMethods() took 0 ms.
[main] INFO org.testng.internal.Utils - [Utils] MethodGroupsHelper.collectMethodsByGroup() took 0 ms.
[main] INFO org.testng.internal.Utils - [Utils] MethodGroupsHelper.sortMethods() took 0 ms.
[main] INFO org.testng.internal.Utils - [Utils] MethodGroupsHelper.collectMethodsByGroup() took 0 ms.
[main] INFO org.testng.internal.Utils - [Utils] MethodGroupsHelper.sortMethods() took 0 ms.
[main] INFO org.testng.internal.Utils - [Utils] MethodGroupsHelper.collectMethodsByGroup() took 0 ms.
[main] INFO org.testng.internal.Utils - [Utils] MethodGroupsHelper.sortMethods() took 0 ms.
[main] INFO org.testng.internal.Utils - [Utils] MethodGroupsHelper.collectMethodsByGroup() took 0 ms.
[main] INFO org.testng.internal.Utils - [Utils] MethodGroupsHelper.sortMethods() took 0 ms.
[main] INFO org.testng.internal.Utils - [Utils] MethodGroupsHelper.collectMethodsByGroup() took 0 ms.
[main] INFO org.testng.internal.Utils - [Utils] MethodGroupsHelper.sortMethods() took 0 ms.
[main] INFO org.testng.internal.Utils - [Utils] MethodGroupsHelper.collectMethodsByGroup() took 0 ms.
[main] INFO org.testng.internal.Utils - [Utils] MethodGroupsHelper.sortMethods() took 0 ms.
[main] INFO org.testng.internal.Utils - [Utils] MethodGroupsHelper.collectMethodsByGroup() took 2 ms.
[main] INFO org.testng.internal.Utils - [Utils] MethodGroupsHelper.sortMethods() took 1 ms.
[main] INFO org.testng.internal.Utils - [XmlMethodSelector] Including method pers.membrive.veracity.login()
[main] INFO org.testng.internal.Utils - [XmlMethodSelector] Including method pers.membrive.veracity.obtainProduct()
[main] INFO org.testng.internal.Utils - [XmlMethodSelector] Including method pers.membrive.veracity.verifyCategoryCheck()
[main] INFO org.testng.internal.Utils - [XmlMethodSelector] Including method pers.membrive.veracity.verifyIndustryCheck()
[main] INFO org.testng.internal.Utils - [XmlMethodSelector] Including method pers.membrive.veracity.verifyProductTypeCheck()
[main] INFO org.testng.internal.Utils - [XmlMethodSelector] Including method pers.membrive.veracity.verifyProviderSelect()
[main] INFO org.testng.internal.Utils - [XmlMethodSelector] Including method pers.membrive.veracity.verifySearcher()
[main] INFO org.testng.internal.Utils - [Utils] MethodGroupsHelper.collectMethodsByGroup() took 0 ms.
[main] INFO org.testng.internal.Utils - [Utils] MethodGroupsHelper.sortMethods() took 0 ms.
[main] INFO org.testng.internal.Utils - [Utils] MethodGroupsHelper.collectMethodsByGroup() took 0 ms.
[main] INFO org.testng.internal.Utils - [Utils] MethodGroupsHelper.sortMethods() took 0 ms.
[main] INFO org.testng.internal.Utils - [Utils] MethodGroupsHelper.collectMethodsByGroup() took 0 ms.
[main] INFO org.testng.internal.Utils - [Utils] MethodGroupsHelper.sortMethods() took 0 ms.
[main] INFO org.testng.internal.Utils - [SuiteRunner] Created 1 TestRunners
[main] INFO org.testng.internal.Utils - [TestRunner] Running test suite on 7  classes,  included groups:[] excluded groups:[]
[main] INFO org.testng.TestClass - ===== Test class
pers.membrive.veracity.LoginTest
[main] INFO org.testng.TestClass -     @Test LoginTest.login()[pri:0, instance:pers.membrive.veracity.LoginTest@2145b572]
[main] INFO org.testng.TestClass - ======
[main] INFO org.testng.TestClass - ===== Test class
pers.membrive.veracity.ObtainProductTest
[main] INFO org.testng.TestClass -     @Test ObtainProductTest.obtainProduct()[pri:1, instance:pers.membrive.veracity.ObtainProductTest@7ed7259e]
[main] INFO org.testng.TestClass - ======
[main] INFO org.testng.TestClass - ===== Test class
pers.membrive.veracity.VerifyCategoryCheck
[main] INFO org.testng.TestClass -     @Test VerifyCategoryCheck.verifyCategoryCheck()[pri:3, instance:pers.membrive.veracity.VerifyCategoryCheck@28eaa59a]
[main] INFO org.testng.TestClass - ======
[main] INFO org.testng.TestClass - ===== Test class
pers.membrive.veracity.VerifyIndustryCheck
[main] INFO org.testng.TestClass -     @Test VerifyIndustryCheck.verifyIndustryCheck()[pri:0, instance:pers.membrive.veracity.VerifyIndustryCheck@3427b02d]
[main] INFO org.testng.TestClass - ======
[main] INFO org.testng.TestClass - ===== Test class
pers.membrive.veracity.VerifyProductTypeCheck
[main] INFO org.testng.TestClass -     @Test VerifyProductTypeCheck.verifyProductTypeCheck()[pri:0, instance:pers.membrive.veracity.VerifyProductTypeCheck@647e447]
[main] INFO org.testng.TestClass - ======
[main] INFO org.testng.TestClass - ===== Test class
pers.membrive.veracity.VerifyProviderSelect
[main] INFO org.testng.TestClass -     @Test VerifyProviderSelect.verifyProviderSelect()[pri:0, instance:pers.membrive.veracity.VerifyProviderSelect@41fbdac4]
[main] INFO org.testng.TestClass - ======
[main] INFO org.testng.TestClass - ===== Test class
pers.membrive.veracity.VerifySearcher
[main] INFO org.testng.TestClass -     @Test VerifySearcher.verifySearcher()[pri:0, instance:pers.membrive.veracity.VerifySearcher@3c407114]
[main] INFO org.testng.TestClass - ======
[main] INFO org.testng.internal.Utils - [Invoker 530737374] Keeping method LoginTest.initialize()[pri:0, instance:pers.membrive.veracity.LoginTest@2145b572] for class null
[main] INFO org.testng.internal.Utils - [Invoker 530737374] Keeping method ObtainProductTest.initialize()[pri:0, instance:pers.membrive.veracity.ObtainProductTest@7ed7259e] for class null
[main] INFO org.testng.internal.Utils - [Invoker 530737374] Keeping method VerifyCategoryCheck.initialize()[pri:0, instance:pers.membrive.veracity.VerifyCategoryCheck@28eaa59a] for class null
[main] INFO org.testng.internal.Utils - [Invoker 530737374] Keeping method VerifyIndustryCheck.initialize()[pri:0, instance:pers.membrive.veracity.VerifyIndustryCheck@3427b02d] for class null
[main] INFO org.testng.internal.Utils - [Invoker 530737374] Keeping method VerifyProductTypeCheck.initialize()[pri:0, instance:pers.membrive.veracity.VerifyProductTypeCheck@647e447] for class null
[main] INFO org.testng.internal.Utils - [Invoker 530737374] Keeping method VerifyProviderSelect.initialize()[pri:0, instance:pers.membrive.veracity.VerifyProviderSelect@41fbdac4] for class null
[main] INFO org.testng.internal.Utils - [Invoker 530737374] Keeping method VerifySearcher.initialize()[pri:0, instance:pers.membrive.veracity.VerifySearcher@3c407114] for class null
[main] INFO org.testng.internal.Utils - [Invoker 530737374] Invoking @BeforeTest LoginTest.initialize()[pri:0, instance:pers.membrive.veracity.LoginTest@2145b572]
Starting ChromeDriver 96.0.4664.45 (76e4c1bb2ab4671b8beba3444e61c0f17584b2fc-refs/branch-heads/4664@{#947}) on port 62442
Only local connections are allowed.
Please see https://chromedriver.chromium.org/security-considerations for suggestions on keeping ChromeDriver safe.
ChromeDriver was started successfully.
[1641989548.281][WARNING]: This version of ChromeDriver has not been tested with Chrome version 97.
ene 12, 2022 1:12:28 P. M. org.openqa.selenium.remote.ProtocolHandshake createSession
INFO: Detected dialect: W3C
ene 12, 2022 1:12:28 P. M. org.openqa.selenium.devtools.CdpVersionFinder findNearestMatch
WARNING: Unable to find an exact match for CDP version 97, so returning the closest version found: 96
ene 12, 2022 1:12:28 P. M. org.openqa.selenium.devtools.CdpVersionFinder findNearestMatch
INFO: Found CDP implementation for version 97 of 96
[main] INFO org.testng.internal.Utils - [Invoker 530737374] Invoking @BeforeTest ObtainProductTest.initialize()[pri:0, instance:pers.membrive.veracity.ObtainProductTest@7ed7259e]
Starting ChromeDriver 96.0.4664.45 (76e4c1bb2ab4671b8beba3444e61c0f17584b2fc-refs/branch-heads/4664@{#947}) on port 57549
Only local connections are allowed.
Please see https://chromedriver.chromium.org/security-considerations for suggestions on keeping ChromeDriver safe.
ChromeDriver was started successfully.
[1641989550.694][WARNING]: This version of ChromeDriver has not been tested with Chrome version 97.
ene 12, 2022 1:12:30 P. M. org.openqa.selenium.remote.ProtocolHandshake createSession
INFO: Detected dialect: W3C
ene 12, 2022 1:12:30 P. M. org.openqa.selenium.devtools.CdpVersionFinder findNearestMatch
WARNING: Unable to find an exact match for CDP version 97, so returning the closest version found: 96
ene 12, 2022 1:12:30 P. M. org.openqa.selenium.devtools.CdpVersionFinder findNearestMatch
INFO: Found CDP implementation for version 97 of 96
[main] INFO org.testng.internal.Utils - [Invoker 530737374] Invoking @BeforeTest VerifyCategoryCheck.initialize()[pri:0, instance:pers.membrive.veracity.VerifyCategoryCheck@28eaa59a]
Starting ChromeDriver 96.0.4664.45 (76e4c1bb2ab4671b8beba3444e61c0f17584b2fc-refs/branch-heads/4664@{#947}) on port 52477
Only local connections are allowed.
Please see https://chromedriver.chromium.org/security-considerations for suggestions on keeping ChromeDriver safe.
ChromeDriver was started successfully.
[1641989552.355][WARNING]: This version of ChromeDriver has not been tested with Chrome version 97.
ene 12, 2022 1:12:32 P. M. org.openqa.selenium.remote.ProtocolHandshake createSession
INFO: Detected dialect: W3C
ene 12, 2022 1:12:32 P. M. org.openqa.selenium.devtools.CdpVersionFinder findNearestMatch
WARNING: Unable to find an exact match for CDP version 97, so returning the closest version found: 96
ene 12, 2022 1:12:32 P. M. org.openqa.selenium.devtools.CdpVersionFinder findNearestMatch
INFO: Found CDP implementation for version 97 of 96
[main] INFO org.testng.internal.Utils - [Invoker 530737374] Invoking @BeforeTest VerifyIndustryCheck.initialize()[pri:0, instance:pers.membrive.veracity.VerifyIndustryCheck@3427b02d]
Starting ChromeDriver 96.0.4664.45 (76e4c1bb2ab4671b8beba3444e61c0f17584b2fc-refs/branch-heads/4664@{#947}) on port 64832
Only local connections are allowed.
Please see https://chromedriver.chromium.org/security-considerations for suggestions on keeping ChromeDriver safe.
ChromeDriver was started successfully.
[1641989554.146][WARNING]: This version of ChromeDriver has not been tested with Chrome version 97.
ene 12, 2022 1:12:34 P. M. org.openqa.selenium.remote.ProtocolHandshake createSession
INFO: Detected dialect: W3C
ene 12, 2022 1:12:34 P. M. org.openqa.selenium.devtools.CdpVersionFinder findNearestMatch
WARNING: Unable to find an exact match for CDP version 97, so returning the closest version found: 96
ene 12, 2022 1:12:34 P. M. org.openqa.selenium.devtools.CdpVersionFinder findNearestMatch
INFO: Found CDP implementation for version 97 of 96
[main] INFO org.testng.internal.Utils - [Invoker 530737374] Invoking @BeforeTest VerifyProductTypeCheck.initialize()[pri:0, instance:pers.membrive.veracity.VerifyProductTypeCheck@647e447]
Starting ChromeDriver 96.0.4664.45 (76e4c1bb2ab4671b8beba3444e61c0f17584b2fc-refs/branch-heads/4664@{#947}) on port 53932
Only local connections are allowed.
Please see https://chromedriver.chromium.org/security-considerations for suggestions on keeping ChromeDriver safe.
ChromeDriver was started successfully.
[1641989555.945][WARNING]: This version of ChromeDriver has not been tested with Chrome version 97.
ene 12, 2022 1:12:35 P. M. org.openqa.selenium.remote.ProtocolHandshake createSession
INFO: Detected dialect: W3C
ene 12, 2022 1:12:35 P. M. org.openqa.selenium.devtools.CdpVersionFinder findNearestMatch
WARNING: Unable to find an exact match for CDP version 97, so returning the closest version found: 96
ene 12, 2022 1:12:35 P. M. org.openqa.selenium.devtools.CdpVersionFinder findNearestMatch
INFO: Found CDP implementation for version 97 of 96
[main] INFO org.testng.internal.Utils - [Invoker 530737374] Invoking @BeforeTest VerifyProviderSelect.initialize()[pri:0, instance:pers.membrive.veracity.VerifyProviderSelect@41fbdac4]
Starting ChromeDriver 96.0.4664.45 (76e4c1bb2ab4671b8beba3444e61c0f17584b2fc-refs/branch-heads/4664@{#947}) on port 53314
Only local connections are allowed.
Please see https://chromedriver.chromium.org/security-considerations for suggestions on keeping ChromeDriver safe.
ChromeDriver was started successfully.
[1641989557.781][WARNING]: This version of ChromeDriver has not been tested with Chrome version 97.
ene 12, 2022 1:12:37 P. M. org.openqa.selenium.remote.ProtocolHandshake createSession
INFO: Detected dialect: W3C
ene 12, 2022 1:12:37 P. M. org.openqa.selenium.devtools.CdpVersionFinder findNearestMatch
WARNING: Unable to find an exact match for CDP version 97, so returning the closest version found: 96
ene 12, 2022 1:12:37 P. M. org.openqa.selenium.devtools.CdpVersionFinder findNearestMatch
INFO: Found CDP implementation for version 97 of 96
[main] INFO org.testng.internal.Utils - [Invoker 530737374] Invoking @BeforeTest VerifySearcher.initialize()[pri:0, instance:pers.membrive.veracity.VerifySearcher@3c407114]
Starting ChromeDriver 96.0.4664.45 (76e4c1bb2ab4671b8beba3444e61c0f17584b2fc-refs/branch-heads/4664@{#947}) on port 52714
Only local connections are allowed.
Please see https://chromedriver.chromium.org/security-considerations for suggestions on keeping ChromeDriver safe.
ChromeDriver was started successfully.
[1641989559.478][WARNING]: This version of ChromeDriver has not been tested with Chrome version 97.
ene 12, 2022 1:12:39 P. M. org.openqa.selenium.remote.ProtocolHandshake createSession
INFO: Detected dialect: W3C
ene 12, 2022 1:12:39 P. M. org.openqa.selenium.devtools.CdpVersionFinder findNearestMatch
WARNING: Unable to find an exact match for CDP version 97, so returning the closest version found: 96
ene 12, 2022 1:12:39 P. M. org.openqa.selenium.devtools.CdpVersionFinder findNearestMatch
INFO: Found CDP implementation for version 97 of 96
[main] INFO org.testng.internal.Utils - [Utils] DynamicGraphHelper.createDynamicGraph() took 5 ms.
[main] INFO org.testng.internal.Utils - [Invoker 530737374] No configuration methods found
[main] INFO org.testng.internal.Utils - [Invoker 530737374] No configuration methods found
[main] INFO org.testng.internal.Utils - [Invoker 530737374] Invoking pers.membrive.veracity.LoginTest.login
]]></system-err>
  </testcase>
  <testcase name="obtainProduct" classname="pers.membrive.veracity.ObtainProductTest" time="26.745">
    <system-out><![CDATA[13:12:42.964 [main] DEBUG pers.membrive.veracity.ObtainProductTest - Cookie alert accepted
13:12:43.767 [main] DEBUG pers.membrive.veracity.ObtainProductTest - On login window
13:12:44.740 [main] INFO  pers.membrive.veracity.ObtainProductTest - login succesful
13:12:48.270 [main] DEBUG pers.membrive.veracity.ObtainProductTest - On Marketplace window
13:12:50.345 [main] DEBUG pers.membrive.veracity.ObtainProductTest - On Product window
13:12:52.448 [main] INFO  pers.membrive.veracity.ObtainProductTest - The product is right!
13:12:52.527 [main] DEBUG pers.membrive.veracity.ObtainProductTest - Free access button accepted
13:12:52.602 [main] DEBUG pers.membrive.veracity.ObtainProductTest - Terms and conditions acepted
13:13:08.228 [main] DEBUG pers.membrive.veracity.ObtainProductTest - On My data 
13:13:09.631 [main] INFO  pers.membrive.veracity.ObtainProductTest - The product is obtained successfully
]]></system-out>
    <system-err><![CDATA[[main] INFO org.testng.internal.Utils - [Invoker 530737374] No configuration methods found
[main] INFO org.testng.internal.Utils - [Invoker 530737374] No configuration methods found
[main] INFO org.testng.internal.Utils - [Invoker 530737374] No configuration methods found
[main] INFO org.testng.internal.Utils - [Invoker 530737374] No configuration methods found
[main] INFO org.testng.internal.Utils - [Invoker 530737374] Invoking pers.membrive.veracity.ObtainProductTest.obtainProduct
]]></system-err>
  </testcase>
  <testcase name="verifyCategoryCheck" classname="pers.membrive.veracity.VerifyCategoryCheck" time="7.348">
    <system-out><![CDATA[13:13:09.683 [main] DEBUG pers.membrive.veracity.VerifyCategoryCheck - Cookie alert accepted
13:13:10.418 [main] DEBUG pers.membrive.veracity.VerifyCategoryCheck - On login window
13:13:11.419 [main] INFO  pers.membrive.veracity.VerifyCategoryCheck - login succesful
13:13:14.666 [main] DEBUG pers.membrive.veracity.VerifyCategoryCheck - On Marketplace window
13:13:16.506 [main] DEBUG pers.membrive.veracity.VerifyCategoryCheck - CyberSecurity check clicked
13:13:16.911 [main] INFO  pers.membrive.veracity.VerifyCategoryCheck - Cyber security selected successfully
13:13:16.981 [main] DEBUG pers.membrive.veracity.VerifyCategoryCheck - All checks have been cleaned
]]></system-out>
    <system-err><![CDATA[[main] INFO org.testng.internal.Utils - [Invoker 530737374] No configuration methods found
[main] INFO org.testng.internal.Utils - [Invoker 530737374] No configuration methods found
[main] INFO org.testng.internal.Utils - [Invoker 530737374] No configuration methods found
[main] INFO org.testng.internal.Utils - [Invoker 530737374] No configuration methods found
[main] INFO org.testng.internal.Utils - [Invoker 530737374] Invoking pers.membrive.veracity.VerifyCategoryCheck.verifyCategoryCheck
]]></system-err>
  </testcase>
  <testcase name="verifyIndustryCheck" classname="pers.membrive.veracity.VerifyIndustryCheck" time="7.051">
    <system-out><![CDATA[13:13:17.034 [main] DEBUG pers.membrive.veracity.VerifyIndustryCheck - Cookie alert accepted
13:13:17.818 [main] DEBUG pers.membrive.veracity.VerifyIndustryCheck - On login window
13:13:21.901 [main] DEBUG pers.membrive.veracity.VerifyIndustryCheck - On Marketplace window
13:13:23.415 [main] DEBUG pers.membrive.veracity.VerifyIndustryCheck - Oil and Gas check clicked
13:13:23.970 [main] INFO  pers.membrive.veracity.VerifyIndustryCheck - Check selected successfully
13:13:24.033 [main] DEBUG pers.membrive.veracity.VerifyIndustryCheck - All checks have been cleaned
]]></system-out>
    <system-err><![CDATA[[main] INFO org.testng.internal.Utils - [Invoker 530737374] No configuration methods found
[main] INFO org.testng.internal.Utils - [Invoker 530737374] No configuration methods found
[main] INFO org.testng.internal.Utils - [Invoker 530737374] No configuration methods found
[main] INFO org.testng.internal.Utils - [Invoker 530737374] No configuration methods found
[main] INFO org.testng.internal.Utils - [Invoker 530737374] Invoking pers.membrive.veracity.VerifyIndustryCheck.verifyIndustryCheck
]]></system-err>
  </testcase>
  <testcase name="verifyProductTypeCheck" classname="pers.membrive.veracity.VerifyProductTypeCheck" time="6.859">
    <system-out><![CDATA[13:13:24.077 [main] DEBUG pers.membrive.veracity.VerifyProductTypeCheck - Cookie alert accepted
13:13:24.715 [main] DEBUG pers.membrive.veracity.VerifyProductTypeCheck - On login window
13:13:25.672 [main] INFO  pers.membrive.veracity.VerifyProductTypeCheck - login succesful
13:13:28.467 [main] DEBUG pers.membrive.veracity.VerifyProductTypeCheck - On Marketplace window
13:13:30.351 [main] DEBUG pers.membrive.veracity.VerifyProductTypeCheck - Free check clicked
13:13:30.810 [main] INFO  pers.membrive.veracity.VerifyProductTypeCheck - Free Check selected successfully
13:13:30.891 [main] DEBUG pers.membrive.veracity.VerifyProductTypeCheck - All checks have been cleaned
]]></system-out>
    <system-err><![CDATA[[main] INFO org.testng.internal.Utils - [Invoker 530737374] No configuration methods found
[main] INFO org.testng.internal.Utils - [Invoker 530737374] No configuration methods found
[main] INFO org.testng.internal.Utils - [Invoker 530737374] No configuration methods found
[main] INFO org.testng.internal.Utils - [Invoker 530737374] No configuration methods found
[main] INFO org.testng.internal.Utils - [Invoker 530737374] Invoking pers.membrive.veracity.VerifyProductTypeCheck.verifyProductTypeCheck
]]></system-err>
  </testcase>
  <testcase name="verifyProviderSelect" classname="pers.membrive.veracity.VerifyProviderSelect" time="6.192">
    <system-out><![CDATA[13:13:30.949 [main] DEBUG pers.membrive.veracity.VerifyProviderSelect - Cookie alert accepted
13:13:31.667 [main] DEBUG pers.membrive.veracity.VerifyProviderSelect - On login window
13:13:32.551 [main] INFO  pers.membrive.veracity.VerifyProviderSelect - login succesful
13:13:35.347 [main] DEBUG pers.membrive.veracity.VerifyProviderSelect - On Marketplace window
13:13:36.311 [main] DEBUG pers.membrive.veracity.VerifyProviderSelect - scroll down on page
13:13:36.700 [main] DEBUG pers.membrive.veracity.VerifyProviderSelect - Provider Select clicked
13:13:37.003 [main] DEBUG pers.membrive.veracity.VerifyProviderSelect - Cisco Option selected
13:13:37.025 [main] INFO  pers.membrive.veracity.VerifyProviderSelect - Cisco Option selected successfully
13:13:37.084 [main] DEBUG pers.membrive.veracity.VerifyProviderSelect - All checks have been cleaned
]]></system-out>
    <system-err><![CDATA[[main] INFO org.testng.internal.Utils - [Invoker 530737374] No configuration methods found
[main] INFO org.testng.internal.Utils - [Invoker 530737374] No configuration methods found
[main] INFO org.testng.internal.Utils - [Invoker 530737374] No configuration methods found
[main] INFO org.testng.internal.Utils - [Invoker 530737374] No configuration methods found
[main] INFO org.testng.internal.Utils - [Invoker 530737374] Invoking pers.membrive.veracity.VerifyProviderSelect.verifyProviderSelect
]]></system-err>
  </testcase>
  <testcase name="verifySearcher" classname="pers.membrive.veracity.VerifySearcher" time="9.033">
    <system-out><![CDATA[13:13:37.135 [main] DEBUG pers.membrive.veracity.VerifySearcher - Cookie alert accepted
13:13:37.872 [main] DEBUG pers.membrive.veracity.VerifySearcher - On login window
13:13:38.860 [main] INFO  pers.membrive.veracity.VerifySearcher - login succesful
13:13:43.609 [main] DEBUG pers.membrive.veracity.VerifySearcher - On Marketplace window
13:13:43.668 [main] DEBUG pers.membrive.veracity.VerifySearcher - Searcher clicked
13:13:43.779 [main] DEBUG pers.membrive.veracity.VerifySearcher - Energy Transition Outlook 2021 dataset typed on searcher
13:13:44.449 [main] DEBUG pers.membrive.veracity.VerifySearcher - clicked on product result
13:13:46.118 [main] INFO  pers.membrive.veracity.VerifySearcher - the product clicked is right!
]]></system-out>
    <system-err><![CDATA[[main] INFO org.testng.internal.Utils - [Invoker 530737374] No configuration methods found
[main] INFO org.testng.internal.Utils - [Invoker 530737374] No configuration methods found
[main] INFO org.testng.internal.Utils - [Invoker 530737374] No configuration methods found
[main] INFO org.testng.internal.Utils - [Invoker 530737374] No configuration methods found
[main] INFO org.testng.internal.Utils - [Invoker 530737374] Invoking pers.membrive.veracity.VerifySearcher.verifySearcher
]]></system-err>
  </testcase>
</testsuite>