<?xml version="1.0" encoding="UTF-8"?>
<!-- Generated by org.testng.reporters.JUnitXMLReporter -->
<testsuite ignored="0" hostname="DESKTOP-NP5PALL" failures="0" tests="7" name="suite" time="80.07" errors="0" timestamp="2022-01-12T13:13:46 CET">
  <testcase classname="pers.membrive.veracity.LoginTest" name="login" time="2.192"/>
  <testcase classname="pers.membrive.veracity.ObtainProductTest" name="obtainProduct" time="26.745"/>
  <testcase classname="pers.membrive.veracity.VerifyCategoryCheck" name="verifyCategoryCheck" time="7.349"/>
  <testcase classname="pers.membrive.veracity.VerifyIndustryCheck" name="verifyIndustryCheck" time="7.051"/>
  <testcase classname="pers.membrive.veracity.VerifyProductTypeCheck" name="verifyProductTypeCheck" time="6.858"/>
  <testcase classname="pers.membrive.veracity.VerifyProviderSelect" name="verifyProviderSelect" time="6.191"/>
  <testcase classname="pers.membrive.veracity.VerifySearcher" name="verifySearcher" time="9.034"/>
</testsuite> <!-- suite -->
